200     13   http://34d16e25-e6d5-4ce3-ba16-a70ae95533a8.node4.buuoj.cn:81//index.php
200     13   http://34d16e25-e6d5-4ce3-ba16-a70ae95533a8.node4.buuoj.cn:81//index.php.bak
200     13   http://34d16e25-e6d5-4ce3-ba16-a70ae95533a8.node4.buuoj.cn:81//index.php~
200     13   http://34d16e25-e6d5-4ce3-ba16-a70ae95533a8.node4.buuoj.cn:81//index.php.swp
200     13   http://34d16e25-e6d5-4ce3-ba16-a70ae95533a8.node4.buuoj.cn:81//.index.php.swp
200     13   http://34d16e25-e6d5-4ce3-ba16-a70ae95533a8.node4.buuoj.cn:81//.index.php.un~
200     0    http://34d16e25-e6d5-4ce3-ba16-a70ae95533a8.node4.buuoj.cn:81//flag.php
200     13   http://34d16e25-e6d5-4ce3-ba16-a70ae95533a8.node4.buuoj.cn:81//flag.php.bak
200     13   http://34d16e25-e6d5-4ce3-ba16-a70ae95533a8.node4.buuoj.cn:81//flag.php~
200     13   http://34d16e25-e6d5-4ce3-ba16-a70ae95533a8.node4.buuoj.cn:81//flag.php.swp
200     13   http://34d16e25-e6d5-4ce3-ba16-a70ae95533a8.node4.buuoj.cn:81//.flag.php.swp
200     13   http://34d16e25-e6d5-4ce3-ba16-a70ae95533a8.node4.buuoj.cn:81//.flag.php.un~
200     13   http://34d16e25-e6d5-4ce3-ba16-a70ae95533a8.node4.buuoj.cn:81//robots.txt
200     13   http://34d16e25-e6d5-4ce3-ba16-a70ae95533a8.node4.buuoj.cn:81//robots.txt.bak
200     13   http://34d16e25-e6d5-4ce3-ba16-a70ae95533a8.node4.buuoj.cn:81//robots.txt~
200     13   http://34d16e25-e6d5-4ce3-ba16-a70ae95533a8.node4.buuoj.cn:81//robots.txt.swp
200     13   http://34d16e25-e6d5-4ce3-ba16-a70ae95533a8.node4.buuoj.cn:81//.robots.txt.swp
200     13   http://34d16e25-e6d5-4ce3-ba16-a70ae95533a8.node4.buuoj.cn:81//.robots.txt.un~
404     169  http://34d16e25-e6d5-4ce3-ba16-a70ae95533a8.node4.buuoj.cn:81//login.php
200     13   http://34d16e25-e6d5-4ce3-ba16-a70ae95533a8.node4.buuoj.cn:81//login.php.bak
200     13   http://34d16e25-e6d5-4ce3-ba16-a70ae95533a8.node4.buuoj.cn:81//login.php~
200     13   http://34d16e25-e6d5-4ce3-ba16-a70ae95533a8.node4.buuoj.cn:81//login.php.swp
200     13   http://34d16e25-e6d5-4ce3-ba16-a70ae95533a8.node4.buuoj.cn:81//.login.php.swp
200     13   http://34d16e25-e6d5-4ce3-ba16-a70ae95533a8.node4.buuoj.cn:81//.login.php.un~
404     169  http://34d16e25-e6d5-4ce3-ba16-a70ae95533a8.node4.buuoj.cn:81//profile.php
200     13   http://34d16e25-e6d5-4ce3-ba16-a70ae95533a8.node4.buuoj.cn:81//profile.php.bak
200     13   http://34d16e25-e6d5-4ce3-ba16-a70ae95533a8.node4.buuoj.cn:81//profile.php~
200     13   http://34d16e25-e6d5-4ce3-ba16-a70ae95533a8.node4.buuoj.cn:81//profile.php.swp
200     13   http://34d16e25-e6d5-4ce3-ba16-a70ae95533a8.node4.buuoj.cn:81//.profile.php.swp
200     13   http://34d16e25-e6d5-4ce3-ba16-a70ae95533a8.node4.buuoj.cn:81//.profile.php.un~
404     169  http://34d16e25-e6d5-4ce3-ba16-a70ae95533a8.node4.buuoj.cn:81//source.php
200     13   http://34d16e25-e6d5-4ce3-ba16-a70ae95533a8.node4.buuoj.cn:81//source.php.bak
200     13   http://34d16e25-e6d5-4ce3-ba16-a70ae95533a8.node4.buuoj.cn:81//source.php~
200     13   http://34d16e25-e6d5-4ce3-ba16-a70ae95533a8.node4.buuoj.cn:81//source.php.swp
200     13   http://34d16e25-e6d5-4ce3-ba16-a70ae95533a8.node4.buuoj.cn:81//.source.php.swp
200     13   http://34d16e25-e6d5-4ce3-ba16-a70ae95533a8.node4.buuoj.cn:81//.source.php.un~
404     169  http://34d16e25-e6d5-4ce3-ba16-a70ae95533a8.node4.buuoj.cn:81//phpinfo.php
200     13   http://34d16e25-e6d5-4ce3-ba16-a70ae95533a8.node4.buuoj.cn:81//phpinfo.php.bak
200     13   http://34d16e25-e6d5-4ce3-ba16-a70ae95533a8.node4.buuoj.cn:81//phpinfo.php~
200     13   http://34d16e25-e6d5-4ce3-ba16-a70ae95533a8.node4.buuoj.cn:81//phpinfo.php.swp
200     13   http://34d16e25-e6d5-4ce3-ba16-a70ae95533a8.node4.buuoj.cn:81//.phpinfo.php.swp
200     13   http://34d16e25-e6d5-4ce3-ba16-a70ae95533a8.node4.buuoj.cn:81//.phpinfo.php.un~
404     169  http://34d16e25-e6d5-4ce3-ba16-a70ae95533a8.node4.buuoj.cn:81//test.php
200     13   http://34d16e25-e6d5-4ce3-ba16-a70ae95533a8.node4.buuoj.cn:81//test.php.bak
200     13   http://34d16e25-e6d5-4ce3-ba16-a70ae95533a8.node4.buuoj.cn:81//test.php~
200     13   http://34d16e25-e6d5-4ce3-ba16-a70ae95533a8.node4.buuoj.cn:81//test.php.swp
200     13   http://34d16e25-e6d5-4ce3-ba16-a70ae95533a8.node4.buuoj.cn:81//.test.php.swp
200     13   http://34d16e25-e6d5-4ce3-ba16-a70ae95533a8.node4.buuoj.cn:81//.test.php.un~
404     169  http://34d16e25-e6d5-4ce3-ba16-a70ae95533a8.node4.buuoj.cn:81//register.php
200     13   http://34d16e25-e6d5-4ce3-ba16-a70ae95533a8.node4.buuoj.cn:81//register.php.bak
200     13   http://34d16e25-e6d5-4ce3-ba16-a70ae95533a8.node4.buuoj.cn:81//register.php~
200     13   http://34d16e25-e6d5-4ce3-ba16-a70ae95533a8.node4.buuoj.cn:81//register.php.swp
200     13   http://34d16e25-e6d5-4ce3-ba16-a70ae95533a8.node4.buuoj.cn:81//.register.php.swp
200     13   http://34d16e25-e6d5-4ce3-ba16-a70ae95533a8.node4.buuoj.cn:81//.register.php.un~
200     13   http://34d16e25-e6d5-4ce3-ba16-a70ae95533a8.node4.buuoj.cn:81//%3f
200     13   http://34d16e25-e6d5-4ce3-ba16-a70ae95533a8.node4.buuoj.cn:81//%3f.bak
200     13   http://34d16e25-e6d5-4ce3-ba16-a70ae95533a8.node4.buuoj.cn:81//%3f~
200     13   http://34d16e25-e6d5-4ce3-ba16-a70ae95533a8.node4.buuoj.cn:81//%3f.swp
200     13   http://34d16e25-e6d5-4ce3-ba16-a70ae95533a8.node4.buuoj.cn:81//.%3f.swp
200     13   http://34d16e25-e6d5-4ce3-ba16-a70ae95533a8.node4.buuoj.cn:81//.%3f.un~
200     13   http://34d16e25-e6d5-4ce3-ba16-a70ae95533a8.node4.buuoj.cn:81//.svn
200     13   http://34d16e25-e6d5-4ce3-ba16-a70ae95533a8.node4.buuoj.cn:81//.svn/wc.db
200     13   http://34d16e25-e6d5-4ce3-ba16-a70ae95533a8.node4.buuoj.cn:81//.svn/entries
403     169  http://34d16e25-e6d5-4ce3-ba16-a70ae95533a8.node4.buuoj.cn:81//.git/
200     23   http://34d16e25-e6d5-4ce3-ba16-a70ae95533a8.node4.buuoj.cn:81//.git/HEAD
200     132  http://34d16e25-e6d5-4ce3-ba16-a70ae95533a8.node4.buuoj.cn:81//.git/index
200     92   http://34d16e25-e6d5-4ce3-ba16-a70ae95533a8.node4.buuoj.cn:81//.git/config
200     73   http://34d16e25-e6d5-4ce3-ba16-a70ae95533a8.node4.buuoj.cn:81//.git/description
200     13   http://34d16e25-e6d5-4ce3-ba16-a70ae95533a8.node4.buuoj.cn:81//.gitignore.hg/
200     13   http://34d16e25-e6d5-4ce3-ba16-a70ae95533a8.node4.buuoj.cn:81//CVS/
200     13   http://34d16e25-e6d5-4ce3-ba16-a70ae95533a8.node4.buuoj.cn:81//CVS/Root
200     13   http://34d16e25-e6d5-4ce3-ba16-a70ae95533a8.node4.buuoj.cn:81//CVS/Entries
200     13   http://34d16e25-e6d5-4ce3-ba16-a70ae95533a8.node4.buuoj.cn:81//.bzr
200     13   http://34d16e25-e6d5-4ce3-ba16-a70ae95533a8.node4.buuoj.cn:81//WEB-INF/web.xml
200     13   http://34d16e25-e6d5-4ce3-ba16-a70ae95533a8.node4.buuoj.cn:81//WEB-INF/src/
200     13   http://34d16e25-e6d5-4ce3-ba16-a70ae95533a8.node4.buuoj.cn:81//WEB-INF/classes
200     13   http://34d16e25-e6d5-4ce3-ba16-a70ae95533a8.node4.buuoj.cn:81//WEB-INF/lib
200     13   http://34d16e25-e6d5-4ce3-ba16-a70ae95533a8.node4.buuoj.cn:81//WEB-INF/database.propertie
200     13   http://34d16e25-e6d5-4ce3-ba16-a70ae95533a8.node4.buuoj.cn:81//.DS_Store
200     13   http://34d16e25-e6d5-4ce3-ba16-a70ae95533a8.node4.buuoj.cn:81//README
200     13   http://34d16e25-e6d5-4ce3-ba16-a70ae95533a8.node4.buuoj.cn:81//README.md
200     13   http://34d16e25-e6d5-4ce3-ba16-a70ae95533a8.node4.buuoj.cn:81//README.MD
200     13   http://34d16e25-e6d5-4ce3-ba16-a70ae95533a8.node4.buuoj.cn:81//_viminfo
200     13   http://34d16e25-e6d5-4ce3-ba16-a70ae95533a8.node4.buuoj.cn:81//.viminfo
200     13   http://34d16e25-e6d5-4ce3-ba16-a70ae95533a8.node4.buuoj.cn:81//.bash_history
200     13   http://34d16e25-e6d5-4ce3-ba16-a70ae95533a8.node4.buuoj.cn:81//.htaccess
